mode: atomic
github.com/khulnasoft/meshplay-operator/api/v1alpha1/broker_types.go:57.13,59.2 1 1
github.com/khulnasoft/meshplay-operator/api/v1alpha1/meshsync_types.go:70.13,72.2 1 1
github.com/khulnasoft/meshplay-operator/api/v1alpha1/zz_generated.deepcopy.go:29.45,35.2 5 7
github.com/khulnasoft/meshplay-operator/api/v1alpha1/zz_generated.deepcopy.go:38.38,39.15 1 6
github.com/khulnasoft/meshplay-operator/api/v1alpha1/zz_generated.deepcopy.go:39.15,41.3 1 0
github.com/khulnasoft/meshplay-operator/api/v1alpha1/zz_generated.deepcopy.go:42.2,44.12 3 6
github.com/khulnasoft/meshplay-operator/api/v1alpha1/zz_generated.deepcopy.go:48.51,49.34 1 6
github.com/khulnasoft/meshplay-operator/api/v1alpha1/zz_generated.deepcopy.go:49.34,51.3 1 6
github.com/khulnasoft/meshplay-operator/api/v1alpha1/zz_generated.deepcopy.go:52.2,52.12 1 0
github.com/khulnasoft/meshplay-operator/api/v1alpha1/zz_generated.deepcopy.go:56.53,60.21 4 1
github.com/khulnasoft/meshplay-operator/api/v1alpha1/zz_generated.deepcopy.go:60.21,63.22 3 1
github.com/khulnasoft/meshplay-operator/api/v1alpha1/zz_generated.deepcopy.go:63.22,65.4 1 1
github.com/khulnasoft/meshplay-operator/api/v1alpha1/zz_generated.deepcopy.go:70.46,71.15 1 1
github.com/khulnasoft/meshplay-operator/api/v1alpha1/zz_generated.deepcopy.go:71.15,73.3 1 0
github.com/khulnasoft/meshplay-operator/api/v1alpha1/zz_generated.deepcopy.go:74.2,76.12 3 1
github.com/khulnasoft/meshplay-operator/api/v1alpha1/zz_generated.deepcopy.go:80.55,81.34 1 1
github.com/khulnasoft/meshplay-operator/api/v1alpha1/zz_generated.deepcopy.go:81.34,83.3 1 1
github.com/khulnasoft/meshplay-operator/api/v1alpha1/zz_generated.deepcopy.go:84.2,84.12 1 0
github.com/khulnasoft/meshplay-operator/api/v1alpha1/zz_generated.deepcopy.go:88.53,90.2 1 0
github.com/khulnasoft/meshplay-operator/api/v1alpha1/zz_generated.deepcopy.go:93.46,94.15 1 0
github.com/khulnasoft/meshplay-operator/api/v1alpha1/zz_generated.deepcopy.go:94.15,96.3 1 0
github.com/khulnasoft/meshplay-operator/api/v1alpha1/zz_generated.deepcopy.go:97.2,99.12 3 0
github.com/khulnasoft/meshplay-operator/api/v1alpha1/zz_generated.deepcopy.go:103.57,106.26 3 7
github.com/khulnasoft/meshplay-operator/api/v1alpha1/zz_generated.deepcopy.go:106.26,109.22 3 0
github.com/khulnasoft/meshplay-operator/api/v1alpha1/zz_generated.deepcopy.go:109.22,111.4 1 0
github.com/khulnasoft/meshplay-operator/api/v1alpha1/zz_generated.deepcopy.go:116.50,117.15 1 0
github.com/khulnasoft/meshplay-operator/api/v1alpha1/zz_generated.deepcopy.go:117.15,119.3 1 0
github.com/khulnasoft/meshplay-operator/api/v1alpha1/zz_generated.deepcopy.go:120.2,122.12 3 0
github.com/khulnasoft/meshplay-operator/api/v1alpha1/zz_generated.deepcopy.go:126.51,130.2 3 3
github.com/khulnasoft/meshplay-operator/api/v1alpha1/zz_generated.deepcopy.go:133.44,134.15 1 0
github.com/khulnasoft/meshplay-operator/api/v1alpha1/zz_generated.deepcopy.go:134.15,136.3 1 0
github.com/khulnasoft/meshplay-operator/api/v1alpha1/zz_generated.deepcopy.go:137.2,139.12 3 0
github.com/khulnasoft/meshplay-operator/api/v1alpha1/zz_generated.deepcopy.go:143.73,145.2 1 0
github.com/khulnasoft/meshplay-operator/api/v1alpha1/zz_generated.deepcopy.go:148.66,149.15 1 0
github.com/khulnasoft/meshplay-operator/api/v1alpha1/zz_generated.deepcopy.go:149.15,151.3 1 0
github.com/khulnasoft/meshplay-operator/api/v1alpha1/zz_generated.deepcopy.go:152.2,154.12 3 0
github.com/khulnasoft/meshplay-operator/api/v1alpha1/zz_generated.deepcopy.go:158.49,160.2 1 0
github.com/khulnasoft/meshplay-operator/api/v1alpha1/zz_generated.deepcopy.go:163.42,164.15 1 0
github.com/khulnasoft/meshplay-operator/api/v1alpha1/zz_generated.deepcopy.go:164.15,166.3 1 0
github.com/khulnasoft/meshplay-operator/api/v1alpha1/zz_generated.deepcopy.go:167.2,169.12 3 0
github.com/khulnasoft/meshplay-operator/api/v1alpha1/zz_generated.deepcopy.go:173.49,179.2 5 9
github.com/khulnasoft/meshplay-operator/api/v1alpha1/zz_generated.deepcopy.go:182.42,183.15 1 8
github.com/khulnasoft/meshplay-operator/api/v1alpha1/zz_generated.deepcopy.go:183.15,185.3 1 0
github.com/khulnasoft/meshplay-operator/api/v1alpha1/zz_generated.deepcopy.go:186.2,188.12 3 8
github.com/khulnasoft/meshplay-operator/api/v1alpha1/zz_generated.deepcopy.go:192.53,193.34 1 8
github.com/khulnasoft/meshplay-operator/api/v1alpha1/zz_generated.deepcopy.go:193.34,195.3 1 8
github.com/khulnasoft/meshplay-operator/api/v1alpha1/zz_generated.deepcopy.go:196.2,196.12 1 0
github.com/khulnasoft/meshplay-operator/api/v1alpha1/zz_generated.deepcopy.go:200.57,204.21 4 1
github.com/khulnasoft/meshplay-operator/api/v1alpha1/zz_generated.deepcopy.go:204.21,207.22 3 1
github.com/khulnasoft/meshplay-operator/api/v1alpha1/zz_generated.deepcopy.go:207.22,209.4 1 1
github.com/khulnasoft/meshplay-operator/api/v1alpha1/zz_generated.deepcopy.go:214.50,215.15 1 1
github.com/khulnasoft/meshplay-operator/api/v1alpha1/zz_generated.deepcopy.go:215.15,217.3 1 0
github.com/khulnasoft/meshplay-operator/api/v1alpha1/zz_generated.deepcopy.go:218.2,220.12 3 1
github.com/khulnasoft/meshplay-operator/api/v1alpha1/zz_generated.deepcopy.go:224.57,225.34 1 1
github.com/khulnasoft/meshplay-operator/api/v1alpha1/zz_generated.deepcopy.go:225.34,227.3 1 1
github.com/khulnasoft/meshplay-operator/api/v1alpha1/zz_generated.deepcopy.go:228.2,228.12 1 0
github.com/khulnasoft/meshplay-operator/api/v1alpha1/zz_generated.deepcopy.go:232.57,236.2 3 9
github.com/khulnasoft/meshplay-operator/api/v1alpha1/zz_generated.deepcopy.go:239.50,240.15 1 0
github.com/khulnasoft/meshplay-operator/api/v1alpha1/zz_generated.deepcopy.go:240.15,242.3 1 0
github.com/khulnasoft/meshplay-operator/api/v1alpha1/zz_generated.deepcopy.go:243.2,245.12 3 0
github.com/khulnasoft/meshplay-operator/api/v1alpha1/zz_generated.deepcopy.go:249.61,251.26 2 9
github.com/khulnasoft/meshplay-operator/api/v1alpha1/zz_generated.deepcopy.go:251.26,254.22 3 3
github.com/khulnasoft/meshplay-operator/api/v1alpha1/zz_generated.deepcopy.go:254.22,256.4 1 3
github.com/khulnasoft/meshplay-operator/api/v1alpha1/zz_generated.deepcopy.go:261.54,262.15 1 0
github.com/khulnasoft/meshplay-operator/api/v1alpha1/zz_generated.deepcopy.go:262.15,264.3 1 0
github.com/khulnasoft/meshplay-operator/api/v1alpha1/zz_generated.deepcopy.go:265.2,267.12 3 0
github.com/khulnasoft/meshplay-operator/api/v1alpha1/zz_generated.deepcopy.go:271.61,275.2 3 0
github.com/khulnasoft/meshplay-operator/api/v1alpha1/zz_generated.deepcopy.go:278.54,279.15 1 0
github.com/khulnasoft/meshplay-operator/api/v1alpha1/zz_generated.deepcopy.go:279.15,281.3 1 0
github.com/khulnasoft/meshplay-operator/api/v1alpha1/zz_generated.deepcopy.go:282.2,284.12 3 0
github.com/khulnasoft/meshplay-operator/api/v1alpha1/zz_generated.deepcopy.go:288.73,290.2 1 0
github.com/khulnasoft/meshplay-operator/api/v1alpha1/zz_generated.deepcopy.go:293.66,294.15 1 0
github.com/khulnasoft/meshplay-operator/api/v1alpha1/zz_generated.deepcopy.go:294.15,296.3 1 0
github.com/khulnasoft/meshplay-operator/api/v1alpha1/zz_generated.deepcopy.go:297.2,299.12 3 0
github.com/khulnasoft/meshplay-operator/controllers/broker_controller.go:49.98,58.16 7 0
github.com/khulnasoft/meshplay-operator/controllers/broker_controller.go:58.16,59.32 1 0
github.com/khulnasoft/meshplay-operator/controllers/broker_controller.go:59.32,63.4 3 0
github.com/khulnasoft/meshplay-operator/controllers/broker_controller.go:64.3,64.28 1 0
github.com/khulnasoft/meshplay-operator/controllers/broker_controller.go:68.2,69.16 2 0
github.com/khulnasoft/meshplay-operator/controllers/broker_controller.go:69.16,71.3 1 0
github.com/khulnasoft/meshplay-operator/controllers/broker_controller.go:74.2,75.16 2 0
github.com/khulnasoft/meshplay-operator/controllers/broker_controller.go:75.16,77.3 1 0
github.com/khulnasoft/meshplay-operator/controllers/broker_controller.go:80.2,81.16 2 0
github.com/khulnasoft/meshplay-operator/controllers/broker_controller.go:81.16,83.3 1 0
github.com/khulnasoft/meshplay-operator/controllers/broker_controller.go:86.2,87.16 2 0
github.com/khulnasoft/meshplay-operator/controllers/broker_controller.go:87.16,89.3 1 0
github.com/khulnasoft/meshplay-operator/controllers/broker_controller.go:91.2,92.16 2 0
github.com/khulnasoft/meshplay-operator/controllers/broker_controller.go:92.16,94.3 1 0
github.com/khulnasoft/meshplay-operator/controllers/broker_controller.go:96.2,96.20 1 0
github.com/khulnasoft/meshplay-operator/controllers/broker_controller.go:99.69,103.2 1 0
github.com/khulnasoft/meshplay-operator/controllers/broker_controller.go:105.44,112.33 2 0
github.com/khulnasoft/meshplay-operator/controllers/broker_controller.go:112.33,114.17 2 0
github.com/khulnasoft/meshplay-operator/controllers/broker_controller.go:114.17,116.4 1 0
github.com/khulnasoft/meshplay-operator/controllers/broker_controller.go:118.2,118.12 1 0
github.com/khulnasoft/meshplay-operator/controllers/broker_controller.go:121.156,123.33 2 0
github.com/khulnasoft/meshplay-operator/controllers/broker_controller.go:123.33,132.56 3 0
github.com/khulnasoft/meshplay-operator/controllers/broker_controller.go:132.56,135.17 3 0
github.com/khulnasoft/meshplay-operator/controllers/broker_controller.go:135.17,137.5 1 0
github.com/khulnasoft/meshplay-operator/controllers/broker_controller.go:138.4,138.42 1 0
github.com/khulnasoft/meshplay-operator/controllers/broker_controller.go:139.9,139.34 1 0
github.com/khulnasoft/meshplay-operator/controllers/broker_controller.go:139.34,141.4 1 0
github.com/khulnasoft/meshplay-operator/controllers/broker_controller.go:141.9,141.65 1 0
github.com/khulnasoft/meshplay-operator/controllers/broker_controller.go:141.65,143.17 2 0
github.com/khulnasoft/meshplay-operator/controllers/broker_controller.go:143.17,145.5 1 0
github.com/khulnasoft/meshplay-operator/controllers/broker_controller.go:146.4,146.42 1 0
github.com/khulnasoft/meshplay-operator/controllers/broker_controller.go:150.2,150.27 1 0
github.com/khulnasoft/meshplay-operator/controllers/error.go:41.38,43.2 1 1
github.com/khulnasoft/meshplay-operator/controllers/error.go:45.41,47.2 1 1
github.com/khulnasoft/meshplay-operator/controllers/error.go:49.41,51.2 1 1
github.com/khulnasoft/meshplay-operator/controllers/error.go:53.44,55.2 1 1
github.com/khulnasoft/meshplay-operator/controllers/error.go:57.36,59.2 1 1
github.com/khulnasoft/meshplay-operator/controllers/error.go:61.39,63.2 1 1
github.com/khulnasoft/meshplay-operator/controllers/error.go:65.39,67.2 1 1
github.com/khulnasoft/meshplay-operator/controllers/error.go:69.42,71.2 1 1
github.com/khulnasoft/meshplay-operator/controllers/error.go:73.38,75.2 1 1
github.com/khulnasoft/meshplay-operator/controllers/error.go:77.38,79.2 1 1
github.com/khulnasoft/meshplay-operator/controllers/error.go:81.38,83.2 1 1
github.com/khulnasoft/meshplay-operator/controllers/error.go:85.41,87.2 1 1
github.com/khulnasoft/meshplay-operator/controllers/error.go:89.34,91.2 1 1
github.com/khulnasoft/meshplay-operator/controllers/meshsync_controller.go:50.100,59.16 7 0
github.com/khulnasoft/meshplay-operator/controllers/meshsync_controller.go:59.16,60.32 1 0
github.com/khulnasoft/meshplay-operator/controllers/meshsync_controller.go:60.32,64.4 3 0
github.com/khulnasoft/meshplay-operator/controllers/meshsync_controller.go:65.3,65.28 1 0
github.com/khulnasoft/meshplay-operator/controllers/meshsync_controller.go:69.2,70.16 2 0
github.com/khulnasoft/meshplay-operator/controllers/meshsync_controller.go:70.16,72.3 1 0
github.com/khulnasoft/meshplay-operator/controllers/meshsync_controller.go:75.2,76.16 2 0
github.com/khulnasoft/meshplay-operator/controllers/meshsync_controller.go:76.16,78.3 1 0
github.com/khulnasoft/meshplay-operator/controllers/meshsync_controller.go:81.2,82.16 2 0
github.com/khulnasoft/meshplay-operator/controllers/meshsync_controller.go:82.16,84.3 1 0
github.com/khulnasoft/meshplay-operator/controllers/meshsync_controller.go:86.2,87.16 2 0
github.com/khulnasoft/meshplay-operator/controllers/meshsync_controller.go:87.16,89.3 1 0
github.com/khulnasoft/meshplay-operator/controllers/meshsync_controller.go:91.2,91.20 1 0
github.com/khulnasoft/meshplay-operator/controllers/meshsync_controller.go:94.71,98.2 1 0
github.com/khulnasoft/meshplay-operator/controllers/meshsync_controller.go:100.46,107.33 2 0
github.com/khulnasoft/meshplay-operator/controllers/meshsync_controller.go:107.33,109.17 2 0
github.com/khulnasoft/meshplay-operator/controllers/meshsync_controller.go:109.17,111.4 1 0
github.com/khulnasoft/meshplay-operator/controllers/meshsync_controller.go:113.2,113.12 1 0
github.com/khulnasoft/meshplay-operator/controllers/meshsync_controller.go:116.120,119.59 3 0
github.com/khulnasoft/meshplay-operator/controllers/meshsync_controller.go:119.59,123.17 4 0
github.com/khulnasoft/meshplay-operator/controllers/meshsync_controller.go:123.17,125.4 1 0
github.com/khulnasoft/meshplay-operator/controllers/meshsync_controller.go:126.3,126.77 1 0
github.com/khulnasoft/meshplay-operator/controllers/meshsync_controller.go:131.2,131.12 1 0
github.com/khulnasoft/meshplay-operator/controllers/meshsync_controller.go:134.162,143.55 3 0
github.com/khulnasoft/meshplay-operator/controllers/meshsync_controller.go:143.55,146.16 3 0
github.com/khulnasoft/meshplay-operator/controllers/meshsync_controller.go:146.16,148.4 1 0
github.com/khulnasoft/meshplay-operator/controllers/meshsync_controller.go:149.3,149.41 1 0
github.com/khulnasoft/meshplay-operator/controllers/meshsync_controller.go:150.8,150.33 1 0
github.com/khulnasoft/meshplay-operator/controllers/meshsync_controller.go:150.33,152.3 1 0
github.com/khulnasoft/meshplay-operator/controllers/meshsync_controller.go:152.8,152.64 1 0
github.com/khulnasoft/meshplay-operator/controllers/meshsync_controller.go:152.64,154.16 2 0
github.com/khulnasoft/meshplay-operator/controllers/meshsync_controller.go:154.16,156.4 1 0
github.com/khulnasoft/meshplay-operator/controllers/meshsync_controller.go:157.3,157.41 1 0
github.com/khulnasoft/meshplay-operator/controllers/meshsync_controller.go:160.2,160.27 1 0
github.com/khulnasoft/meshplay-operator/pkg/broker/broker.go:30.63,37.2 1 0
github.com/khulnasoft/meshplay-operator/pkg/broker/broker.go:39.69,46.2 6 0
github.com/khulnasoft/meshplay-operator/pkg/broker/broker.go:48.54,54.2 5 0
github.com/khulnasoft/meshplay-operator/pkg/broker/broker.go:56.31,60.2 3 0
github.com/khulnasoft/meshplay-operator/pkg/broker/broker.go:62.32,66.2 3 0
github.com/khulnasoft/meshplay-operator/pkg/broker/broker.go:68.103,70.16 2 0
github.com/khulnasoft/meshplay-operator/pkg/broker/broker.go:70.16,72.3 1 0
github.com/khulnasoft/meshplay-operator/pkg/broker/broker.go:74.2,74.53 1 0
github.com/khulnasoft/meshplay-operator/pkg/broker/broker.go:74.53,75.37 1 0
github.com/khulnasoft/meshplay-operator/pkg/broker/broker.go:75.37,77.4 1 0
github.com/khulnasoft/meshplay-operator/pkg/broker/broker.go:78.3,78.50 1 0
github.com/khulnasoft/meshplay-operator/pkg/broker/broker.go:81.2,81.160 1 0
github.com/khulnasoft/meshplay-operator/pkg/broker/broker.go:81.160,83.3 1 0
github.com/khulnasoft/meshplay-operator/pkg/broker/broker.go:85.2,85.12 1 0
github.com/khulnasoft/meshplay-operator/pkg/broker/broker.go:89.115,97.16 6 0
github.com/khulnasoft/meshplay-operator/pkg/broker/broker.go:97.16,99.3 1 0
github.com/khulnasoft/meshplay-operator/pkg/broker/broker.go:101.2,104.45 3 0
github.com/khulnasoft/meshplay-operator/pkg/broker/broker.go:104.45,107.28 3 0
github.com/khulnasoft/meshplay-operator/pkg/broker/broker.go:107.28,108.9 1 0
github.com/khulnasoft/meshplay-operator/pkg/broker/broker.go:112.2,121.186 3 0
github.com/khulnasoft/meshplay-operator/pkg/broker/broker.go:121.186,122.57 1 0
github.com/khulnasoft/meshplay-operator/pkg/broker/broker.go:122.57,125.4 2 0
github.com/khulnasoft/meshplay-operator/pkg/broker/broker.go:125.9,125.150 1 0
github.com/khulnasoft/meshplay-operator/pkg/broker/broker.go:125.150,126.17 1 0
github.com/khulnasoft/meshplay-operator/pkg/broker/broker.go:126.17,128.19 2 0
github.com/khulnasoft/meshplay-operator/pkg/broker/broker.go:128.19,130.6 1 0
github.com/khulnasoft/meshplay-operator/pkg/broker/broker.go:131.5,132.19 2 0
github.com/khulnasoft/meshplay-operator/pkg/broker/broker.go:132.19,134.6 1 0
github.com/khulnasoft/meshplay-operator/pkg/broker/broker.go:135.5,136.38 2 0
github.com/khulnasoft/meshplay-operator/pkg/broker/broker.go:137.10,140.5 2 0
github.com/khulnasoft/meshplay-operator/pkg/broker/broker.go:141.9,144.4 2 0
github.com/khulnasoft/meshplay-operator/pkg/broker/broker.go:147.2,147.33 1 0
github.com/khulnasoft/meshplay-operator/pkg/broker/broker.go:147.33,149.3 1 0
github.com/khulnasoft/meshplay-operator/pkg/broker/broker.go:151.2,151.106 1 0
github.com/khulnasoft/meshplay-operator/pkg/broker/broker.go:151.106,153.17 2 0
github.com/khulnasoft/meshplay-operator/pkg/broker/broker.go:153.17,155.4 1 0
github.com/khulnasoft/meshplay-operator/pkg/broker/broker.go:156.3,157.17 2 0
github.com/khulnasoft/meshplay-operator/pkg/broker/broker.go:157.17,159.4 1 0
github.com/khulnasoft/meshplay-operator/pkg/broker/broker.go:161.3,163.107 2 0
github.com/khulnasoft/meshplay-operator/pkg/broker/broker.go:163.107,165.64 2 0
github.com/khulnasoft/meshplay-operator/pkg/broker/broker.go:165.64,167.5 1 0
github.com/khulnasoft/meshplay-operator/pkg/broker/broker.go:171.2,173.12 3 0
github.com/khulnasoft/meshplay-operator/pkg/broker/error.go:30.42,32.2 1 1
github.com/khulnasoft/meshplay-operator/pkg/broker/error.go:34.42,36.2 1 1
github.com/khulnasoft/meshplay-operator/pkg/broker/error.go:38.47,40.2 1 1
github.com/khulnasoft/meshplay-operator/pkg/broker/error.go:42.45,44.2 1 1
github.com/khulnasoft/meshplay-operator/pkg/meshsync/meshsync.go:35.65,39.2 1 1
github.com/khulnasoft/meshplay-operator/pkg/meshsync/meshsync.go:41.81,49.2 7 1
